[INFO ][20160318 15:12:23,579][AbstractApplicationContext:513] Refreshing org.springframework.context.support.ClassPathXmlApplicationContext@65a8e0bd: startup date [Fri Mar 18 15:12:23 CST 2016]; root of context hierarchy
[INFO ][20160318 15:12:23,624][XmlBeanDefinitionReader:316] Loading XML bean definitions from class path resource [spring/beans.xml]
[INFO ][20160318 15:12:23,835][XmlBeanDefinitionReader:316] Loading XML bean definitions from URL [file:/C:/000fold/workspace/frame/moodle-archi/moodle-orm/target/classes/spring/beans_datasource.xml]
[INFO ][20160318 15:12:23,995][PropertiesLoaderSupport:172] Loading properties file from URL [file:/C:/000fold/workspace/frame/moodle-archi/moodle-orm/target/classes/beans.properties]
[INFO ][20160318 15:12:24,542][DruidDataSource:642] {dataSource-1} inited
[INFO ][20160318 15:12:24,684][Version:37] HCANN000001: Hibernate Commons Annotations {4.0.1.Final}
[INFO ][20160318 15:12:24,688][Version:41] HHH000412: Hibernate Core {4.1.10.Final}
[INFO ][20160318 15:12:24,690][Environment:239] HHH000206: hibernate.properties not found
[INFO ][20160318 15:12:24,691][Environment:342] HHH000021: Bytecode provider name : javassist
[INFO ][20160318 15:12:24,861][Dialect:127] HHH000400: Using dialect: org.hibernate.dialect.MySQL5Dialect
[INFO ][20160318 15:12:24,880][TransactionFactoryInitiator:68] HHH000399: Using default transaction strategy (direct JDBC transactions)
[INFO ][20160318 15:12:24,884][ASTQueryTranslatorFactory:48] HHH000397: Using ASTQueryTranslatorFactory
[INFO ][20160318 15:12:25,184][HibernateTransactionManager:339] Using DataSource [{
	CreateTime:"2016-03-18 15:12:24",
	ActiveCount:0,
	PoolingCount:3,
	CreateCount:3,
	DestroyCount:0,
	CloseCount:1,
	ConnectCount:1,
	Connections:[
		{ID:83941003, ConnectTime:"2016-03-18 15:12:24", UseCount:0, LastActiveTime:"2016-03-18 15:12:24"},
		{ID:2047164989, ConnectTime:"2016-03-18 15:12:24", UseCount:0, LastActiveTime:"2016-03-18 15:12:24"},
		{ID:1866461536, ConnectTime:"2016-03-18 15:12:24", UseCount:1, LastActiveTime:"2016-03-18 15:12:24"}
	]
}] of Hibernate SessionFactory for HibernateTransactionManager
[INFO ][20160318 15:12:25,199][AbstractApplicationContext:873] Closing org.springframework.context.support.ClassPathXmlApplicationContext@65a8e0bd: startup date [Fri Mar 18 15:12:23 CST 2016]; root of context hierarchy
[INFO ][20160318 15:12:25,204][DruidDataSource:1253] {dataSource-1} closed
[INFO ][20160318 15:14:39,551][AbstractApplicationContext:513] Refreshing org.springframework.context.support.ClassPathXmlApplicationContext@46bf6ec3: startup date [Fri Mar 18 15:14:39 CST 2016]; root of context hierarchy
[INFO ][20160318 15:14:39,596][XmlBeanDefinitionReader:316] Loading XML bean definitions from class path resource [spring/beans.xml]
[INFO ][20160318 15:14:39,800][XmlBeanDefinitionReader:316] Loading XML bean definitions from URL [file:/C:/000fold/workspace/frame/moodle-archi/moodle-orm/target/classes/spring/beans_datasource.xml]
[INFO ][20160318 15:14:39,961][PropertiesLoaderSupport:172] Loading properties file from URL [file:/C:/000fold/workspace/frame/moodle-archi/moodle-orm/target/classes/beans.properties]
[INFO ][20160318 15:14:40,519][DruidDataSource:642] {dataSource-1} inited
[INFO ][20160318 15:14:40,653][Version:37] HCANN000001: Hibernate Commons Annotations {4.0.1.Final}
[INFO ][20160318 15:14:40,657][Version:41] HHH000412: Hibernate Core {4.1.10.Final}
[INFO ][20160318 15:14:40,659][Environment:239] HHH000206: hibernate.properties not found
[INFO ][20160318 15:14:40,661][Environment:342] HHH000021: Bytecode provider name : javassist
[INFO ][20160318 15:14:40,821][Dialect:127] HHH000400: Using dialect: org.hibernate.dialect.MySQL5Dialect
[INFO ][20160318 15:14:40,841][TransactionFactoryInitiator:68] HHH000399: Using default transaction strategy (direct JDBC transactions)
[INFO ][20160318 15:14:40,845][ASTQueryTranslatorFactory:48] HHH000397: Using ASTQueryTranslatorFactory
[INFO ][20160318 15:14:41,128][HibernateTransactionManager:339] Using DataSource [{
	CreateTime:"2016-03-18 15:14:40",
	ActiveCount:0,
	PoolingCount:3,
	CreateCount:3,
	DestroyCount:0,
	CloseCount:1,
	ConnectCount:1,
	Connections:[
		{ID:83941003, ConnectTime:"2016-03-18 15:14:40", UseCount:0, LastActiveTime:"2016-03-18 15:14:40"},
		{ID:2047164989, ConnectTime:"2016-03-18 15:14:40", UseCount:0, LastActiveTime:"2016-03-18 15:14:40"},
		{ID:1866461536, ConnectTime:"2016-03-18 15:14:40", UseCount:1, LastActiveTime:"2016-03-18 15:14:40"}
	]
}] of Hibernate SessionFactory for HibernateTransactionManager
[ERROR][20160318 15:14:41,163][HibernateDaoTest:19] org.hibernate.HibernateException: No Session found for current thread
[INFO ][20160318 15:15:34,354][AbstractApplicationContext:513] Refreshing org.springframework.context.support.ClassPathXmlApplicationContext@1fa4f2fd: startup date [Fri Mar 18 15:15:34 CST 2016]; root of context hierarchy
[INFO ][20160318 15:15:34,402][XmlBeanDefinitionReader:316] Loading XML bean definitions from class path resource [spring/beans.xml]
[INFO ][20160318 15:15:34,632][XmlBeanDefinitionReader:316] Loading XML bean definitions from URL [file:/C:/000fold/workspace/frame/moodle-archi/moodle-orm/target/classes/spring/beans_datasource.xml]
[INFO ][20160318 15:15:34,805][PropertiesLoaderSupport:172] Loading properties file from URL [file:/C:/000fold/workspace/frame/moodle-archi/moodle-orm/target/classes/beans.properties]
[INFO ][20160318 15:15:35,380][DruidDataSource:642] {dataSource-1} inited
[INFO ][20160318 15:15:35,549][Version:37] HCANN000001: Hibernate Commons Annotations {4.0.1.Final}
[INFO ][20160318 15:15:35,554][Version:41] HHH000412: Hibernate Core {4.1.10.Final}
[INFO ][20160318 15:15:35,557][Environment:239] HHH000206: hibernate.properties not found
[INFO ][20160318 15:15:35,558][Environment:342] HHH000021: Bytecode provider name : javassist
[INFO ][20160318 15:15:35,745][Dialect:127] HHH000400: Using dialect: org.hibernate.dialect.MySQL5Dialect
[INFO ][20160318 15:15:35,766][TransactionFactoryInitiator:68] HHH000399: Using default transaction strategy (direct JDBC transactions)
[INFO ][20160318 15:15:35,770][ASTQueryTranslatorFactory:48] HHH000397: Using ASTQueryTranslatorFactory
[INFO ][20160318 15:15:36,060][HibernateTransactionManager:339] Using DataSource [{
	CreateTime:"2016-03-18 15:15:34",
	ActiveCount:0,
	PoolingCount:3,
	CreateCount:3,
	DestroyCount:0,
	CloseCount:1,
	ConnectCount:1,
	Connections:[
		{ID:680874590, ConnectTime:"2016-03-18 15:15:35", UseCount:0, LastActiveTime:"2016-03-18 15:15:35"},
		{ID:1666362914, ConnectTime:"2016-03-18 15:15:35", UseCount:0, LastActiveTime:"2016-03-18 15:15:35"},
		{ID:1227255071, ConnectTime:"2016-03-18 15:15:35", UseCount:1, LastActiveTime:"2016-03-18 15:15:35"}
	]
}] of Hibernate SessionFactory for HibernateTransactionManager
[ERROR][20160318 15:16:05,166][HibernateDaoTest:19] org.hibernate.HibernateException: No Session found for current thread
[INFO ][20160318 15:17:53,584][AbstractApplicationContext:513] Refreshing org.springframework.context.support.ClassPathXmlApplicationContext@46bf6ec3: startup date [Fri Mar 18 15:17:53 CST 2016]; root of context hierarchy
[INFO ][20160318 15:17:53,631][XmlBeanDefinitionReader:316] Loading XML bean definitions from class path resource [spring/beans.xml]
[INFO ][20160318 15:17:53,853][XmlBeanDefinitionReader:316] Loading XML bean definitions from URL [file:/C:/000fold/workspace/frame/moodle-archi/moodle-orm/target/classes/spring/beans_datasource.xml]
[INFO ][20160318 15:17:54,023][PropertiesLoaderSupport:172] Loading properties file from URL [file:/C:/000fold/workspace/frame/moodle-archi/moodle-orm/target/classes/beans.properties]
[INFO ][20160318 15:17:54,602][DruidDataSource:642] {dataSource-1} inited
[INFO ][20160318 15:17:54,735][Version:37] HCANN000001: Hibernate Commons Annotations {4.0.1.Final}
[INFO ][20160318 15:17:54,739][Version:41] HHH000412: Hibernate Core {4.1.10.Final}
[INFO ][20160318 15:17:54,741][Environment:239] HHH000206: hibernate.properties not found
[INFO ][20160318 15:17:54,742][Environment:342] HHH000021: Bytecode provider name : javassist
[INFO ][20160318 15:17:54,914][Dialect:127] HHH000400: Using dialect: org.hibernate.dialect.MySQL5Dialect
[INFO ][20160318 15:17:54,933][TransactionFactoryInitiator:68] HHH000399: Using default transaction strategy (direct JDBC transactions)
[INFO ][20160318 15:17:54,937][ASTQueryTranslatorFactory:48] HHH000397: Using ASTQueryTranslatorFactory
[INFO ][20160318 15:17:55,215][HibernateTransactionManager:339] Using DataSource [{
	CreateTime:"2016-03-18 15:17:54",
	ActiveCount:0,
	PoolingCount:3,
	CreateCount:3,
	DestroyCount:0,
	CloseCount:1,
	ConnectCount:1,
	Connections:[
		{ID:2047164989, ConnectTime:"2016-03-18 15:17:54", UseCount:0, LastActiveTime:"2016-03-18 15:17:54"},
		{ID:1866461536, ConnectTime:"2016-03-18 15:17:54", UseCount:0, LastActiveTime:"2016-03-18 15:17:54"},
		{ID:1325403823, ConnectTime:"2016-03-18 15:17:54", UseCount:1, LastActiveTime:"2016-03-18 15:17:54"}
	]
}] of Hibernate SessionFactory for HibernateTransactionManager
[ERROR][20160318 15:17:55,249][HibernateDaoTest:19] org.hibernate.HibernateException: No Session found for current thread
[INFO ][20160318 15:36:00,941][XmlBeanDefinitionReader:316] Loading XML bean definitions from class path resource [spring/beans.xml]
[INFO ][20160318 15:36:01,185][XmlBeanDefinitionReader:316] Loading XML bean definitions from URL [file:/C:/000fold/workspace/frame/moodle-archi/moodle-orm/target/classes/spring/beans_datasource.xml]
[INFO ][20160318 15:36:01,239][AbstractApplicationContext:513] Refreshing org.springframework.context.support.GenericApplicationContext@2bc63b78: startup date [Fri Mar 18 15:36:01 CST 2016]; root of context hierarchy
[INFO ][20160318 15:36:01,357][PropertiesLoaderSupport:172] Loading properties file from URL [file:/C:/000fold/workspace/frame/moodle-archi/moodle-orm/target/classes/beans.properties]
[INFO ][20160318 15:36:01,934][DruidDataSource:642] {dataSource-1} inited
[INFO ][20160318 15:36:02,085][Version:37] HCANN000001: Hibernate Commons Annotations {4.0.1.Final}
[INFO ][20160318 15:36:02,090][Version:41] HHH000412: Hibernate Core {4.1.10.Final}
[INFO ][20160318 15:36:02,093][Environment:239] HHH000206: hibernate.properties not found
[INFO ][20160318 15:36:02,094][Environment:342] HHH000021: Bytecode provider name : javassist
[INFO ][20160318 15:36:02,278][Dialect:127] HHH000400: Using dialect: org.hibernate.dialect.MySQL5Dialect
[INFO ][20160318 15:36:02,300][TransactionFactoryInitiator:68] HHH000399: Using default transaction strategy (direct JDBC transactions)
[INFO ][20160318 15:36:02,305][ASTQueryTranslatorFactory:48] HHH000397: Using ASTQueryTranslatorFactory
[INFO ][20160318 15:36:02,601][HibernateTransactionManager:339] Using DataSource [{
	CreateTime:"2016-03-18 15:36:01",
	ActiveCount:0,
	PoolingCount:3,
	CreateCount:3,
	DestroyCount:0,
	CloseCount:1,
	ConnectCount:1,
	Connections:[
		{ID:638366896, ConnectTime:"2016-03-18 15:36:01", UseCount:0, LastActiveTime:"2016-03-18 15:36:01"},
		{ID:204120660, ConnectTime:"2016-03-18 15:36:01", UseCount:0, LastActiveTime:"2016-03-18 15:36:01"},
		{ID:1124548361, ConnectTime:"2016-03-18 15:36:01", UseCount:1, LastActiveTime:"2016-03-18 15:36:02"}
	]
}] of Hibernate SessionFactory for HibernateTransactionManager
[INFO ][20160318 15:36:02,683][TransactionalTestExecutionListener:276] Began transaction (1) for test context [DefaultTestContext@6aecc07d testClass = HibernateDaoTest, testInstance = com.doer.moodle.orm.HibernateDaoTest@5d518562, testMethod = test1@HibernateDaoTest, testException = [null], mergedContextConfiguration = [MergedContextConfiguration@130c14cb testClass = HibernateDaoTest, locations = '{classpath:/spring/beans.xml}', classes = '{}', contextInitializerClasses = '[]', activeProfiles = '{}', contextLoader = 'org.springframework.test.context.support.DelegatingSmartContextLoader', parent = [null]]]; transaction manager [org.springframework.orm.hibernate4.HibernateTransactionManager@7e292531]; rollback [true]
[INFO ][20160318 15:36:02,897][TransactionalTestExecutionListener:298] Rolled back transaction after test execution for test context [DefaultTestContext@6aecc07d testClass = HibernateDaoTest, testInstance = com.doer.moodle.orm.HibernateDaoTest@5d518562, testMethod = test1@HibernateDaoTest, testException = [null], mergedContextConfiguration = [MergedContextConfiguration@130c14cb testClass = HibernateDaoTest, locations = '{classpath:/spring/beans.xml}', classes = '{}', contextInitializerClasses = '[]', activeProfiles = '{}', contextLoader = 'org.springframework.test.context.support.DelegatingSmartContextLoader', parent = [null]]]
[INFO ][20160318 15:36:02,899][AbstractApplicationContext:873] Closing org.springframework.context.support.GenericApplicationContext@2bc63b78: startup date [Fri Mar 18 15:36:01 CST 2016]; root of context hierarchy
[INFO ][20160318 15:36:02,906][DruidDataSource:1253] {dataSource-1} closed
[INFO ][20160318 16:29:56,641][XmlBeanDefinitionReader:316] Loading XML bean definitions from class path resource [spring/beans.xml]
[INFO ][20160318 16:29:56,855][XmlBeanDefinitionReader:316] Loading XML bean definitions from URL [file:/C:/000fold/workspace/frame/moodle-archi/moodle-orm/target/classes/spring/beans_datasource.xml]
[INFO ][20160318 16:29:56,902][AbstractApplicationContext:513] Refreshing org.springframework.context.support.GenericApplicationContext@2bc63b78: startup date [Fri Mar 18 16:29:56 CST 2016]; root of context hierarchy
[INFO ][20160318 16:29:57,006][PropertiesLoaderSupport:172] Loading properties file from URL [file:/C:/000fold/workspace/frame/moodle-archi/moodle-orm/target/classes/beans.properties]
[INFO ][20160318 16:29:57,553][DruidDataSource:642] {dataSource-1} inited
[INFO ][20160318 16:29:57,695][Version:37] HCANN000001: Hibernate Commons Annotations {4.0.1.Final}
[INFO ][20160318 16:29:57,700][Version:41] HHH000412: Hibernate Core {4.1.10.Final}
[INFO ][20160318 16:29:57,703][Environment:239] HHH000206: hibernate.properties not found
[INFO ][20160318 16:29:57,705][Environment:342] HHH000021: Bytecode provider name : javassist
[INFO ][20160318 16:29:57,871][Dialect:127] HHH000400: Using dialect: org.hibernate.dialect.MySQL5Dialect
[INFO ][20160318 16:29:57,893][TransactionFactoryInitiator:68] HHH000399: Using default transaction strategy (direct JDBC transactions)
[INFO ][20160318 16:29:57,897][ASTQueryTranslatorFactory:48] HHH000397: Using ASTQueryTranslatorFactory
[INFO ][20160318 16:29:58,181][HibernateTransactionManager:339] Using DataSource [{
	CreateTime:"2016-03-18 16:29:57",
	ActiveCount:0,
	PoolingCount:3,
	CreateCount:3,
	DestroyCount:0,
	CloseCount:1,
	ConnectCount:1,
	Connections:[
		{ID:274149905, ConnectTime:"2016-03-18 16:29:57", UseCount:0, LastActiveTime:"2016-03-18 16:29:57"},
		{ID:1285030520, ConnectTime:"2016-03-18 16:29:57", UseCount:0, LastActiveTime:"2016-03-18 16:29:57"},
		{ID:264911761, ConnectTime:"2016-03-18 16:29:57", UseCount:1, LastActiveTime:"2016-03-18 16:29:57"}
	]
}] of Hibernate SessionFactory for HibernateTransactionManager
[INFO ][20160318 16:29:58,269][TransactionalTestExecutionListener:276] Began transaction (1) for test context [DefaultTestContext@5c6c5317 testClass = HibernateDaoTest, testInstance = com.doer.moodle.orm.HibernateDaoTest@4bc33a68, testMethod = test1@HibernateDaoTest, testException = [null], mergedContextConfiguration = [MergedContextConfiguration@7e2fa8b3 testClass = HibernateDaoTest, locations = '{classpath:/spring/beans.xml}', classes = '{}', contextInitializerClasses = '[]', activeProfiles = '{}', contextLoader = 'org.springframework.test.context.support.DelegatingSmartContextLoader', parent = [null]]]; transaction manager [org.springframework.orm.hibernate4.HibernateTransactionManager@6aecc07d]; rollback [true]
[INFO ][20160318 16:29:58,473][TransactionalTestExecutionListener:298] Rolled back transaction after test execution for test context [DefaultTestContext@5c6c5317 testClass = HibernateDaoTest, testInstance = com.doer.moodle.orm.HibernateDaoTest@4bc33a68, testMethod = test1@HibernateDaoTest, testException = [null], mergedContextConfiguration = [MergedContextConfiguration@7e2fa8b3 testClass = HibernateDaoTest, locations = '{classpath:/spring/beans.xml}', classes = '{}', contextInitializerClasses = '[]', activeProfiles = '{}', contextLoader = 'org.springframework.test.context.support.DelegatingSmartContextLoader', parent = [null]]]
[INFO ][20160318 16:29:58,475][AbstractApplicationContext:873] Closing org.springframework.context.support.GenericApplicationContext@2bc63b78: startup date [Fri Mar 18 16:29:56 CST 2016]; root of context hierarchy
[INFO ][20160318 16:29:58,482][DruidDataSource:1253] {dataSource-1} closed
[INFO ][20160321 14:25:42,398][XmlBeanDefinitionReader:316] Loading XML bean definitions from class path resource [spring/beans.xml]
[INFO ][20160321 14:25:42,793][XmlBeanDefinitionReader:316] Loading XML bean definitions from URL [file:/C:/000fold/workspace/frame/moodle/moodle-orm/target/classes/spring/beans_datasource.xml]
[INFO ][20160321 14:25:42,862][AbstractApplicationContext:513] Refreshing org.springframework.context.support.GenericApplicationContext@e11b309: startup date [Mon Mar 21 14:25:42 CST 2016]; root of context hierarchy
[INFO ][20160321 14:25:43,007][PropertiesLoaderSupport:172] Loading properties file from URL [file:/C:/000fold/workspace/frame/moodle/moodle-orm/target/classes/beans.properties]
[INFO ][20160321 14:25:44,400][DruidDataSource:642] {dataSource-1} inited
[INFO ][20160321 14:25:44,644][Version:37] HCANN000001: Hibernate Commons Annotations {4.0.1.Final}
[INFO ][20160321 14:25:44,649][Version:41] HHH000412: Hibernate Core {4.1.10.Final}
[INFO ][20160321 14:25:44,651][Environment:239] HHH000206: hibernate.properties not found
[INFO ][20160321 14:25:44,653][Environment:342] HHH000021: Bytecode provider name : javassist
[INFO ][20160321 14:25:44,931][Dialect:127] HHH000400: Using dialect: org.hibernate.dialect.MySQL5Dialect
[INFO ][20160321 14:25:45,011][TransactionFactoryInitiator:68] HHH000399: Using default transaction strategy (direct JDBC transactions)
[INFO ][20160321 14:25:45,022][ASTQueryTranslatorFactory:48] HHH000397: Using ASTQueryTranslatorFactory
[INFO ][20160321 14:25:45,488][HibernateTransactionManager:339] Using DataSource [{
	CreateTime:"2016-03-21 14:25:43",
	ActiveCount:0,
	PoolingCount:3,
	CreateCount:3,
	DestroyCount:0,
	CloseCount:1,
	ConnectCount:1,
	Connections:[
		{ID:1489817635, ConnectTime:"2016-03-21 14:25:44", UseCount:0, LastActiveTime:"2016-03-21 14:25:44"},
		{ID:1853151072, ConnectTime:"2016-03-21 14:25:44", UseCount:0, LastActiveTime:"2016-03-21 14:25:44"},
		{ID:954734663, ConnectTime:"2016-03-21 14:25:44", UseCount:1, LastActiveTime:"2016-03-21 14:25:44"}
	]
}] of Hibernate SessionFactory for HibernateTransactionManager
[INFO ][20160321 14:25:45,605][TransactionalTestExecutionListener:276] Began transaction (1) for test context [DefaultTestContext@31976629 testClass = HibernateDaoTest, testInstance = com.doer.moodle.orm.HibernateDaoTest@4ab4272e, testMethod = test1@HibernateDaoTest, testException = [null], mergedContextConfiguration = [MergedContextConfiguration@79786352 testClass = HibernateDaoTest, locations = '{classpath:/spring/beans.xml}', classes = '{}', contextInitializerClasses = '[]', activeProfiles = '{}', contextLoader = 'org.springframework.test.context.support.DelegatingSmartContextLoader', parent = [null]]]; transaction manager [org.springframework.orm.hibernate4.HibernateTransactionManager@4ec0dacb]; rollback [true]
[INFO ][20160321 14:25:46,572][TransactionalTestExecutionListener:298] Rolled back transaction after test execution for test context [DefaultTestContext@31976629 testClass = HibernateDaoTest, testInstance = com.doer.moodle.orm.HibernateDaoTest@4ab4272e, testMethod = test1@HibernateDaoTest, testException = [null], mergedContextConfiguration = [MergedContextConfiguration@79786352 testClass = HibernateDaoTest, locations = '{classpath:/spring/beans.xml}', classes = '{}', contextInitializerClasses = '[]', activeProfiles = '{}', contextLoader = 'org.springframework.test.context.support.DelegatingSmartContextLoader', parent = [null]]]
[INFO ][20160321 14:25:46,576][AbstractApplicationContext:873] Closing org.springframework.context.support.GenericApplicationContext@e11b309: startup date [Mon Mar 21 14:25:42 CST 2016]; root of context hierarchy
[INFO ][20160321 14:25:46,592][DruidDataSource:1253] {dataSource-1} closed
[INFO ][20160321 14:35:32,456][XmlBeanDefinitionReader:316] Loading XML bean definitions from class path resource [spring/beans.xml]
[INFO ][20160321 14:35:32,696][XmlBeanDefinitionReader:316] Loading XML bean definitions from URL [file:/C:/000fold/workspace/frame/moodle/moodle-orm/target/classes/spring/beans_datasource.xml]
[INFO ][20160321 14:35:32,768][AbstractApplicationContext:513] Refreshing org.springframework.context.support.GenericApplicationContext@e11b309: startup date [Mon Mar 21 14:35:32 CST 2016]; root of context hierarchy
[INFO ][20160321 14:35:32,887][PropertiesLoaderSupport:172] Loading properties file from URL [file:/C:/000fold/workspace/frame/moodle/moodle-orm/target/classes/beans.properties]
[INFO ][20160321 14:35:33,497][DruidDataSource:642] {dataSource-1} inited
[INFO ][20160321 14:35:33,661][Version:37] HCANN000001: Hibernate Commons Annotations {4.0.1.Final}
[INFO ][20160321 14:35:33,667][Version:41] HHH000412: Hibernate Core {4.1.10.Final}
[INFO ][20160321 14:35:33,669][Environment:239] HHH000206: hibernate.properties not found
[INFO ][20160321 14:35:33,670][Environment:342] HHH000021: Bytecode provider name : javassist
[INFO ][20160321 14:35:33,853][Dialect:127] HHH000400: Using dialect: org.hibernate.dialect.MySQL5Dialect
[INFO ][20160321 14:35:33,876][TransactionFactoryInitiator:68] HHH000399: Using default transaction strategy (direct JDBC transactions)
[INFO ][20160321 14:35:33,881][ASTQueryTranslatorFactory:48] HHH000397: Using ASTQueryTranslatorFactory
[INFO ][20160321 14:35:34,198][HibernateTransactionManager:339] Using DataSource [{
	CreateTime:"2016-03-21 14:35:33",
	ActiveCount:0,
	PoolingCount:3,
	CreateCount:3,
	DestroyCount:0,
	CloseCount:1,
	ConnectCount:1,
	Connections:[
		{ID:1853151072, ConnectTime:"2016-03-21 14:35:33", UseCount:0, LastActiveTime:"2016-03-21 14:35:33"},
		{ID:954734663, ConnectTime:"2016-03-21 14:35:33", UseCount:0, LastActiveTime:"2016-03-21 14:35:33"},
		{ID:227670657, ConnectTime:"2016-03-21 14:35:33", UseCount:1, LastActiveTime:"2016-03-21 14:35:33"}
	]
}] of Hibernate SessionFactory for HibernateTransactionManager
[INFO ][20160321 14:35:34,288][TransactionalTestExecutionListener:276] Began transaction (1) for test context [DefaultTestContext@4ab4272e testClass = HibernateDaoTest, testInstance = com.doer.moodle.orm.HibernateDaoTest@79786352, testMethod = test1@HibernateDaoTest, testException = [null], mergedContextConfiguration = [MergedContextConfiguration@4ec0dacb testClass = HibernateDaoTest, locations = '{classpath:/spring/beans.xml}', classes = '{}', contextInitializerClasses = '[]', activeProfiles = '{}', contextLoader = 'org.springframework.test.context.support.DelegatingSmartContextLoader', parent = [null]]]; transaction manager [org.springframework.orm.hibernate4.HibernateTransactionManager@575c6dd1]; rollback [true]
[INFO ][20160321 14:35:34,509][TransactionalTestExecutionListener:298] Rolled back transaction after test execution for test context [DefaultTestContext@4ab4272e testClass = HibernateDaoTest, testInstance = com.doer.moodle.orm.HibernateDaoTest@79786352, testMethod = test1@HibernateDaoTest, testException = [null], mergedContextConfiguration = [MergedContextConfiguration@4ec0dacb testClass = HibernateDaoTest, locations = '{classpath:/spring/beans.xml}', classes = '{}', contextInitializerClasses = '[]', activeProfiles = '{}', contextLoader = 'org.springframework.test.context.support.DelegatingSmartContextLoader', parent = [null]]]
[INFO ][20160321 14:35:34,512][AbstractApplicationContext:873] Closing org.springframework.context.support.GenericApplicationContext@e11b309: startup date [Mon Mar 21 14:35:32 CST 2016]; root of context hierarchy
[INFO ][20160321 14:35:34,519][DruidDataSource:1253] {dataSource-1} closed
